app/build/intermediates/manifest_merge_blame_file/debug/manifest-merger-blame-debug-report.txt
1<?xml version="1.0" encoding="utf-8"?>
2<manifest xmlns:android="http://schemas.android.com/apk/res/android"
3    package="com.downloaderpro.mrpro.demo"
4    android:versionCode="1"
5    android:versionName="1.0" >
6
7    <uses-sdk
8        android:minSdkVersion="21"
8-->src/main/AndroidManifest.xml
9        android:targetSdkVersion="33" />
9-->src/main/AndroidManifest.xml
10
11    <uses-permission android:name="android.permission.INTERNET" />
11-->src/main/AndroidManifest.xml:6:5-67
11-->src/main/AndroidManifest.xml:6:22-64
12    <uses-permission android:name="android.permission.ACCESS_NETWORK_STATE" />
12-->src/main/AndroidManifest.xml:7:5-79
12-->src/main/AndroidManifest.xml:7:22-76
13    <uses-permission android:name="android.permission.FOREGROUND_SERVICE" />
13-->src/main/AndroidManifest.xml:8:5-77
13-->src/main/AndroidManifest.xml:8:22-74
14    <uses-permission android:name="android.permission.POST_NOTIFICATIONS" />
14-->src/main/AndroidManifest.xml:9:5-77
14-->src/main/AndroidManifest.xml:9:22-74
15    <uses-permission android:name="android.permission.READ_EXTERNAL_STORAGE" />
15-->src/main/AndroidManifest.xml:10:5-80
15-->src/main/AndroidManifest.xml:10:22-77
16    <uses-permission android:name="android.permission.WRITE_EXTERNAL_STORAGE" />
16-->src/main/AndroidManifest.xml:11:5-81
16-->src/main/AndroidManifest.xml:11:22-78
17    <uses-permission android:name="android.permission.MANAGE_EXTERNAL_STORAGE" />
17-->src/main/AndroidManifest.xml:12:5-82
17-->src/main/AndroidManifest.xml:12:22-79
18
19    <permission
19-->[androidx.core:core:1.9.0] AndroidManifest.xml:22:5-24:47
20        android:name="com.downloaderpro.mrpro.demo.DYNAMIC_RECEIVER_NOT_EXPORTED_PERMISSION"
20-->[androidx.core:core:1.9.0] AndroidManifest.xml:23:9-81
21        android:protectionLevel="signature" />
21-->[androidx.core:core:1.9.0] AndroidManifest.xml:24:9-44
22
23    <uses-permission android:name="com.downloaderpro.mrpro.demo.DYNAMIC_RECEIVER_NOT_EXPORTED_PERMISSION" />
23-->[androidx.core:core:1.9.0] AndroidManifest.xml:26:5-97
23-->[androidx.core:core:1.9.0] AndroidManifest.xml:26:22-94
24
25    <application
25-->src/main/AndroidManifest.xml:14:5-58:19
26        android:name="com.downloaderpro.mrpro.demo.SaveDataApp"
26-->src/main/AndroidManifest.xml:16:9-36
27        android:allowBackup="true"
27-->src/main/AndroidManifest.xml:17:9-35
28        android:appComponentFactory="androidx.core.app.CoreComponentFactory"
28-->[androidx.core:core:1.9.0] AndroidManifest.xml:28:18-86
29        android:debuggable="true"
30        android:icon="@mipmap/ic_launcher"
30-->src/main/AndroidManifest.xml:18:9-43
31        android:label="@string/app_name"
31-->src/main/AndroidManifest.xml:19:9-41
32        android:requestLegacyExternalStorage="true"
32-->src/main/AndroidManifest.xml:15:9-52
33        android:roundIcon="@mipmap/ic_launcher_round"
33-->src/main/AndroidManifest.xml:20:9-54
34        android:supportsRtl="true"
34-->src/main/AndroidManifest.xml:21:9-35
35        android:theme="@style/Theme.Application"
35-->src/main/AndroidManifest.xml:23:9-49
36        android:usesCleartextTraffic="true" >
36-->src/main/AndroidManifest.xml:22:9-44
37        <activity
37-->src/main/AndroidManifest.xml:24:9-32:20
38            android:name="com.downloaderpro.mrpro.demo.MainActivity"
38-->src/main/AndroidManifest.xml:25:13-41
39            android:exported="true" >
39-->src/main/AndroidManifest.xml:26:13-36
40            <intent-filter>
40-->src/main/AndroidManifest.xml:27:13-31:29
41                <action android:name="android.intent.action.MAIN" />
41-->src/main/AndroidManifest.xml:28:17-69
41-->src/main/AndroidManifest.xml:28:25-66
42
43                <category android:name="android.intent.category.LAUNCHER" />
43-->src/main/AndroidManifest.xml:30:17-77
43-->src/main/AndroidManifest.xml:30:27-74
44            </intent-filter>
45        </activity>
46        <activity
46-->src/main/AndroidManifest.xml:33:9-36:20
47            android:name="com.downloaderpro.mrpro.demo.MultiActivity"
47-->src/main/AndroidManifest.xml:34:13-42
48            android:exported="true" >
48-->src/main/AndroidManifest.xml:35:13-36
49        </activity>
50
51        <service android:name="com.downloaderpro.mrpro.demo.downloadingservice.DownloadingService" />
51-->src/main/AndroidManifest.xml:38:9-102
51-->src/main/AndroidManifest.xml:38:18-99
52
53        <receiver
53-->src/main/AndroidManifest.xml:40:9-47:20
54            android:name="com.downloaderpro.mrpro.demo.multi.DownloadingAdapter$NotificationActionReceiver"
54-->src/main/AndroidManifest.xml:41:13-80
55            android:enabled="true"
55-->src/main/AndroidManifest.xml:42:13-35
56            android:exported="false" >
56-->src/main/AndroidManifest.xml:43:13-37
57            <intent-filter>
57-->src/main/AndroidManifest.xml:44:13-46:29
58                <action android:name="com.downloaderpro.mrpro.demo.multi.ACTION_CANCEL" />
58-->src/main/AndroidManifest.xml:45:17-91
58-->src/main/AndroidManifest.xml:45:25-88
59            </intent-filter>
60        </receiver>
61        <receiver
61-->src/main/AndroidManifest.xml:49:9-56:20
62            android:name="com.downloaderpro.mrpro.demo.multi.DownloadingListeners$NotificationReceiver"
62-->src/main/AndroidManifest.xml:50:13-76
63            android:enabled="true"
63-->src/main/AndroidManifest.xml:51:13-35
64            android:exported="false" >
64-->src/main/AndroidManifest.xml:52:13-37
65            <intent-filter>
65-->src/main/AndroidManifest.xml:53:13-55:29
66                <action android:name="com.downloaderpro.mrpro.demo.multi.OPEN_ACTIVITY" />
66-->src/main/AndroidManifest.xml:54:17-91
66-->src/main/AndroidManifest.xml:54:25-88
67            </intent-filter>
68        </receiver>
69
70        <service
70-->[androidx.room:room-runtime:2.5.1] AndroidManifest.xml:24:9-28:63
71            android:name="androidx.room.MultiInstanceInvalidationService"
71-->[androidx.room:room-runtime:2.5.1] AndroidManifest.xml:25:13-74
72            android:directBootAware="true"
72-->[androidx.room:room-runtime:2.5.1] AndroidManifest.xml:26:13-43
73            android:exported="false" />
73-->[androidx.room:room-runtime:2.5.1] AndroidManifest.xml:27:13-37
74
75        <provider
75-->[androidx.emoji2:emoji2:1.2.0] AndroidManifest.xml:24:9-32:20
76            android:name="androidx.startup.InitializationProvider"
76-->[androidx.emoji2:emoji2:1.2.0] AndroidManifest.xml:25:13-67
77            android:authorities="com.downloaderpro.mrpro.demo.androidx-startup"
77-->[androidx.emoji2:emoji2:1.2.0] AndroidManifest.xml:26:13-68
78            android:exported="false" >
78-->[androidx.emoji2:emoji2:1.2.0] AndroidManifest.xml:27:13-37
79            <meta-data
79-->[androidx.emoji2:emoji2:1.2.0] AndroidManifest.xml:29:13-31:52
80                android:name="androidx.emoji2.text.EmojiCompatInitializer"
80-->[androidx.emoji2:emoji2:1.2.0] AndroidManifest.xml:30:17-75
81                android:value="androidx.startup" />
81-->[androidx.emoji2:emoji2:1.2.0] AndroidManifest.xml:31:17-49
82            <meta-data
82-->[androidx.lifecycle:lifecycle-process:2.4.1] AndroidManifest.xml:31:13-33:52
83                android:name="androidx.lifecycle.ProcessLifecycleInitializer"
83-->[androidx.lifecycle:lifecycle-process:2.4.1] AndroidManifest.xml:32:17-78
84                android:value="androidx.startup" />
84-->[androidx.lifecycle:lifecycle-process:2.4.1] AndroidManifest.xml:33:17-49
85        </provider>
86    </application>
87
88</manifest>